<?xml version="1.0" encoding="UTF-8"?>
<testng-results skipped="0" failed="0" ignored="0" total="2" passed="2">
  <reporter-output>
  </reporter-output>
  <suite name="Default suite" duration-ms="324" started-at="2018-05-12T05:26:39Z" finished-at="2018-05-12T05:26:39Z">
    <groups>
    </groups>
    <test name="Default test" duration-ms="324" started-at="2018-05-12T05:26:39Z" finished-at="2018-05-12T05:26:39Z">
      <class name="poi.ReadExcel_xls">
        <test-method status="PASS" signature="readMethod1()[pri:1, instance:poi.ReadExcel_xls@5e5792a0]" name="readMethod1" duration-ms="276" started-at="2018-05-12T05:26:39Z" finished-at="2018-05-12T05:26:39Z">
          <reporter-output>
          </reporter-output>
        </test-method> <!-- readMethod1 -->
        <test-method status="PASS" signature="readMethod2()[pri:2, instance:poi.ReadExcel_xls@5e5792a0]" name="readMethod2" duration-ms="0" started-at="2018-05-12T05:26:39Z" finished-at="2018-05-12T05:26:39Z">
          <reporter-output>
          </reporter-output>
        </test-method> <!-- readMethod2 -->
      </class> <!-- poi.ReadExcel_xls -->
    </test> <!-- Default test -->
  </suite> <!-- Default suite -->
</testng-results>
